2013-08-09 00:02:44 -0500 INFO: jruby 1.7.4 (1.9.3p392) 2013-05-16 2390d3b on Java HotSpot(TM) Client VM 1.6.0_18-b07 [Windows Server 2008 R2-x86]
2013-08-09 00:02:44 -0500 INFO: using a shared (threadsafe!) runtime
2013-08-09 00:02:56 -0500 INFO: hogan

2013-08-09 00:02:56 -0500 INFO: friendofmine!

2013-08-09 00:05:34 -0500 INFO: Started GET "/" for 192.168.1.2 at 2013-08-09 00:05:34 -0500

2013-08-09 00:05:35 -0500 INFO: Processing by UnitsController#index as HTML

2013-08-09 00:05:35 -0500 INFO: Filter chain halted as #<Proc:0x2ea871@C:/jruby-1.7.4/lib/ruby/gems/shared/gems/actionpack-4.0.0/lib/action_controller/metal/http_authentication.rb:71> rendered or redirected

2013-08-09 00:05:35 -0500 INFO: Completed 401 Unauthorized in 6ms (ActiveRecord: 0.0ms)

2013-08-09 00:05:42 -0500 INFO: Started GET "/" for 192.168.1.2 at 2013-08-09 00:05:42 -0500

2013-08-09 00:05:42 -0500 INFO: Processing by UnitsController#index as HTML

2013-08-09 00:05:43 -0500 INFO:   Rendered units/index.html.erb within layouts/application (136.0ms)

2013-08-09 00:05:45 -0500 INFO: Completed 200 OK in 2679ms (Views: 2625.0ms | ActiveRecord: 35.0ms)

2013-08-09 00:05:46 -0500 INFO: Started GET "/favicon.ico" for 192.168.1.2 at 2013-08-09 00:05:46 -0500

2013-08-09 00:05:46 -0500 INFO: 
ActionController::RoutingError (No route matches [GET] "/favicon.ico"):
  actionpack (4.0.0) lib/action_dispatch/middleware/debug_exceptions.rb:21:in `call'
  actionpack (4.0.0) lib/action_dispatch/middleware/show_exceptions.rb:30:in `call'
  railties (4.0.0) lib/rails/rack/logger.rb:38:in `call_app'
  railties (4.0.0) lib/rails/rack/logger.rb:21:in `call'
  activesupport (4.0.0) lib/active_support/tagged_logging.rb:67:in `tagged'
  activesupport (4.0.0) lib/active_support/tagged_logging.rb:25:in `tagged'
  activesupport (4.0.0) lib/active_support/tagged_logging.rb:67:in `tagged'
  railties (4.0.0) lib/rails/rack/logger.rb:21:in `call'
  actionpack (4.0.0) lib/action_dispatch/middleware/request_id.rb:21:in `call'
  rack (1.5.2) lib/rack/methodoverride.rb:21:in `call'
  rack (1.5.2) lib/rack/runtime.rb:17:in `call'
  activesupport (4.0.0) lib/active_support/cache/strategy/local_cache.rb:83:in `call'
  railties (4.0.0) lib/rails/engine.rb:511:in `call'
  railties (4.0.0) lib/rails/application.rb:97:in `call'
  file:jruby-rack (1.1.13.2) lib/jruby-rack-1.1.13.2.jar!/rack/handler/servlet.rb:22:in `call'



2013-08-09 00:21:37 -0500 INFO: Started GET "/" for 192.168.1.2 at 2013-08-09 00:21:37 -0500

2013-08-09 00:21:37 -0500 INFO: Processing by UnitsController#index as HTML

2013-08-09 00:21:37 -0500 INFO:   Rendered units/index.html.erb within layouts/application (18.0ms)

2013-08-09 00:21:37 -0500 INFO: Completed 200 OK in 29ms (Views: 25.0ms | ActiveRecord: 1.0ms)

2013-08-09 00:21:38 -0500 INFO: Started GET "/favicon.ico" for 192.168.1.2 at 2013-08-09 00:21:38 -0500

2013-08-09 00:21:38 -0500 INFO: 
ActionController::RoutingError (No route matches [GET] "/favicon.ico"):
  actionpack (4.0.0) lib/action_dispatch/middleware/debug_exceptions.rb:21:in `call'
  actionpack (4.0.0) lib/action_dispatch/middleware/show_exceptions.rb:30:in `call'
  railties (4.0.0) lib/rails/rack/logger.rb:38:in `call_app'
  railties (4.0.0) lib/rails/rack/logger.rb:21:in `call'
  activesupport (4.0.0) lib/active_support/tagged_logging.rb:67:in `tagged'
  activesupport (4.0.0) lib/active_support/tagged_logging.rb:25:in `tagged'
  activesupport (4.0.0) lib/active_support/tagged_logging.rb:67:in `tagged'
  railties (4.0.0) lib/rails/rack/logger.rb:21:in `call'
  actionpack (4.0.0) lib/action_dispatch/middleware/request_id.rb:21:in `call'
  rack (1.5.2) lib/rack/methodoverride.rb:21:in `call'
  rack (1.5.2) lib/rack/runtime.rb:17:in `call'
  activesupport (4.0.0) lib/active_support/cache/strategy/local_cache.rb:83:in `call'
  railties (4.0.0) lib/rails/engine.rb:511:in `call'
  railties (4.0.0) lib/rails/application.rb:97:in `call'
  file:jruby-rack (1.1.13.2) lib/jruby-rack-1.1.13.2.jar!/rack/handler/servlet.rb:22:in `call'



2013-08-09 00:21:41 -0500 INFO: Started GET "/units/21" for 192.168.1.2 at 2013-08-09 00:21:41 -0500

2013-08-09 00:21:41 -0500 INFO: Processing by UnitsController#show as HTML

2013-08-09 00:21:41 -0500 INFO:   Parameters: {"id"=>"21"}

2013-08-09 00:21:41 -0500 INFO:   Rendered units/show.html.erb within layouts/application (19.0ms)

2013-08-09 00:21:41 -0500 INFO: Completed 200 OK in 66ms (Views: 50.0ms | ActiveRecord: 4.0ms)

2013-08-09 00:21:41 -0500 INFO: Started GET "/favicon.ico" for 192.168.1.2 at 2013-08-09 00:21:41 -0500

2013-08-09 00:21:41 -0500 INFO: 
ActionController::RoutingError (No route matches [GET] "/favicon.ico"):
  actionpack (4.0.0) lib/action_dispatch/middleware/debug_exceptions.rb:21:in `call'
  actionpack (4.0.0) lib/action_dispatch/middleware/show_exceptions.rb:30:in `call'
  railties (4.0.0) lib/rails/rack/logger.rb:38:in `call_app'
  railties (4.0.0) lib/rails/rack/logger.rb:21:in `call'
  activesupport (4.0.0) lib/active_support/tagged_logging.rb:67:in `tagged'
  activesupport (4.0.0) lib/active_support/tagged_logging.rb:25:in `tagged'
  activesupport (4.0.0) lib/active_support/tagged_logging.rb:67:in `tagged'
  railties (4.0.0) lib/rails/rack/logger.rb:21:in `call'
  actionpack (4.0.0) lib/action_dispatch/middleware/request_id.rb:21:in `call'
  rack (1.5.2) lib/rack/methodoverride.rb:21:in `call'
  rack (1.5.2) lib/rack/runtime.rb:17:in `call'
  activesupport (4.0.0) lib/active_support/cache/strategy/local_cache.rb:83:in `call'
  railties (4.0.0) lib/rails/engine.rb:511:in `call'
  railties (4.0.0) lib/rails/application.rb:97:in `call'
  file:jruby-rack (1.1.13.2) lib/jruby-rack-1.1.13.2.jar!/rack/handler/servlet.rb:22:in `call'



2013-08-09 00:21:42 -0500 INFO: Started PUT "/units/21/status?value=on" for 192.168.1.2 at 2013-08-09 00:21:42 -0500

2013-08-09 00:21:42 -0500 INFO: Processing by StatusesController#update as HTML

2013-08-09 00:21:42 -0500 INFO:   Parameters: {"authenticity_token"=>"EXkyrPI19QHYrkFGbu2/F/aeUVYYs6aCXrYzjiOVM2E=", "value"=>"on", "unit_id"=>"21"}

2013-08-09 00:21:43 -0500 INFO: Redirected to http://192.168.1.129:11000/units/21

2013-08-09 00:21:43 -0500 INFO: Completed 302 Found in 763ms (ActiveRecord: 1.0ms)

2013-08-09 00:21:43 -0500 INFO: Started GET "/units/21" for 192.168.1.2 at 2013-08-09 00:21:43 -0500

2013-08-09 00:21:43 -0500 INFO: Processing by UnitsController#show as HTML

2013-08-09 00:21:43 -0500 INFO:   Parameters: {"id"=>"21"}

2013-08-09 00:21:43 -0500 INFO:   Rendered units/show.html.erb within layouts/application (15.0ms)

2013-08-09 00:21:43 -0500 INFO: Completed 200 OK in 29ms (Views: 23.0ms | ActiveRecord: 1.0ms)

2013-08-09 00:21:43 -0500 INFO: Started GET "/favicon.ico" for 192.168.1.2 at 2013-08-09 00:21:43 -0500

2013-08-09 00:21:43 -0500 INFO: 
ActionController::RoutingError (No route matches [GET] "/favicon.ico"):
  actionpack (4.0.0) lib/action_dispatch/middleware/debug_exceptions.rb:21:in `call'
  actionpack (4.0.0) lib/action_dispatch/middleware/show_exceptions.rb:30:in `call'
  railties (4.0.0) lib/rails/rack/logger.rb:38:in `call_app'
  railties (4.0.0) lib/rails/rack/logger.rb:21:in `call'
  activesupport (4.0.0) lib/active_support/tagged_logging.rb:67:in `tagged'
  activesupport (4.0.0) lib/active_support/tagged_logging.rb:25:in `tagged'
  activesupport (4.0.0) lib/active_support/tagged_logging.rb:67:in `tagged'
  railties (4.0.0) lib/rails/rack/logger.rb:21:in `call'
  actionpack (4.0.0) lib/action_dispatch/middleware/request_id.rb:21:in `call'
  rack (1.5.2) lib/rack/methodoverride.rb:21:in `call'
  rack (1.5.2) lib/rack/runtime.rb:17:in `call'
  activesupport (4.0.0) lib/active_support/cache/strategy/local_cache.rb:83:in `call'
  railties (4.0.0) lib/rails/engine.rb:511:in `call'
  railties (4.0.0) lib/rails/application.rb:97:in `call'
  file:jruby-rack (1.1.13.2) lib/jruby-rack-1.1.13.2.jar!/rack/handler/servlet.rb:22:in `call'



2013-08-09 00:24:05 -0500 INFO: Started GET "/favicon.ico" for 192.168.1.2 at 2013-08-09 00:24:05 -0500

2013-08-09 00:24:05 -0500 INFO: 
ActionController::RoutingError (No route matches [GET] "/favicon.ico"):
  actionpack (4.0.0) lib/action_dispatch/middleware/debug_exceptions.rb:21:in `call'
  actionpack (4.0.0) lib/action_dispatch/middleware/show_exceptions.rb:30:in `call'
  railties (4.0.0) lib/rails/rack/logger.rb:38:in `call_app'
  railties (4.0.0) lib/rails/rack/logger.rb:21:in `call'
  activesupport (4.0.0) lib/active_support/tagged_logging.rb:67:in `tagged'
  activesupport (4.0.0) lib/active_support/tagged_logging.rb:25:in `tagged'
  activesupport (4.0.0) lib/active_support/tagged_logging.rb:67:in `tagged'
  railties (4.0.0) lib/rails/rack/logger.rb:21:in `call'
  actionpack (4.0.0) lib/action_dispatch/middleware/request_id.rb:21:in `call'
  rack (1.5.2) lib/rack/methodoverride.rb:21:in `call'
  rack (1.5.2) lib/rack/runtime.rb:17:in `call'
  activesupport (4.0.0) lib/active_support/cache/strategy/local_cache.rb:83:in `call'
  railties (4.0.0) lib/rails/engine.rb:511:in `call'
  railties (4.0.0) lib/rails/application.rb:97:in `call'
  file:jruby-rack (1.1.13.2) lib/jruby-rack-1.1.13.2.jar!/rack/handler/servlet.rb:22:in `call'



